<?xml version="1.0" encoding="UTF-8"?>
<testsuite xmlns:xsi="http://www.w3.org/2001/XMLSchema-instance" xsi:noNamespaceSchemaLocation="https://maven.apache.org/surefire/maven-surefire-plugin/xsd/surefire-test-report.xsd" name="org.apache.xml.security.test.dom.interop.RSASecurityTest" time="0" tests="2" errors="0" skipped="0" failures="0">
  <properties>
    <property name="sun.desktop" value="windows"/>
    <property name="log4j.configuration" value="log4j-xmlsec.xml"/>
    <property name="awt.toolkit" value="sun.awt.windows.WToolkit"/>
    <property name="java.specification.version" value="1.8"/>
    <property name="file.encoding.pkg" value="sun.io"/>
    <property name="sun.cpu.isalist" value="amd64"/>
    <property name="sun.jnu.encoding" value="GBK"/>
    <property name="product.version" value="2.1.1"/>
    <property name="java.class.path" value="D:\WorkSpaces\xmlsec\target\test-classes;D:\WorkSpaces\xmlsec\target\classes;D:\apache-maven-3.5.2\repository\org\eclipse\jetty\jetty-util\9.4.8.v20171121\jetty-util-9.4.8.v20171121.jar;D:\apache-maven-3.5.2\repository\log4j\log4j\1.2.17\log4j-1.2.17.jar;D:\apache-maven-3.5.2\repository\org\hamcrest\hamcrest-core\1.3\hamcrest-core-1.3.jar;D:\apache-maven-3.5.2\repository\javax\servlet\javax.servlet-api\3.1.0\javax.servlet-api-3.1.0.jar;D:\apache-maven-3.5.2\repository\org\codehaus\woodstox\stax2-api\3.1.4\stax2-api-3.1.4.jar;D:\apache-maven-3.5.2\repository\org\slf4j\slf4j-log4j12\1.7.25\slf4j-log4j12-1.7.25.jar;D:\apache-maven-3.5.2\repository\org\eclipse\jetty\jetty-server\9.4.8.v20171121\jetty-server-9.4.8.v20171121.jar;D:\apache-maven-3.5.2\repository\xmlunit\xmlunit\1.6\xmlunit-1.6.jar;D:\apache-maven-3.5.2\repository\org\eclipse\jetty\jetty-continuation\9.4.8.v20171121\jetty-continuation-9.4.8.v20171121.jar;D:\apache-maven-3.5.2\repository\xalan\serializer\2.7.2\serializer-2.7.2.jar;D:\apache-maven-3.5.2\repository\junit\junit\4.12\junit-4.12.jar;D:\apache-maven-3.5.2\repository\org\eclipse\jetty\jetty-io\9.4.8.v20171121\jetty-io-9.4.8.v20171121.jar;D:\apache-maven-3.5.2\repository\org\eclipse\jetty\jetty-security\9.4.8.v20171121\jetty-security-9.4.8.v20171121.jar;D:\apache-maven-3.5.2\repository\org\slf4j\slf4j-api\1.7.25\slf4j-api-1.7.25.jar;D:\apache-maven-3.5.2\repository\org\eclipse\jetty\jetty-servlet\9.4.8.v20171121\jetty-servlet-9.4.8.v20171121.jar;D:\apache-maven-3.5.2\repository\xalan\xalan\2.7.2\xalan-2.7.2.jar;D:\apache-maven-3.5.2\repository\org\bouncycastle\bcprov-jdk15on\1.59\bcprov-jdk15on-1.59.jar;D:\apache-maven-3.5.2\repository\commons-codec\commons-codec\1.11\commons-codec-1.11.jar;D:\apache-maven-3.5.2\repository\xerces\xercesImpl\2.11.0\xercesImpl-2.11.0.jar;D:\apache-maven-3.5.2\repository\xml-apis\xml-apis\1.4.01\xml-apis-1.4.01.jar;D:\apache-maven-3.5.2\repository\org\eclipse\jetty\jetty-servlets\9.4.8.v20171121\jetty-servlets-9.4.8.v20171121.jar;D:\apache-maven-3.5.2\repository\org\eclipse\jetty\jetty-http\9.4.8.v20171121\jetty-http-9.4.8.v20171121.jar;D:\apache-maven-3.5.2\repository\com\fasterxml\woodstox\woodstox-core\5.0.3\woodstox-core-5.0.3.jar;"/>
    <property name="java.vm.vendor" value="Oracle Corporation"/>
    <property name="sun.arch.data.model" value="64"/>
    <property name="user.variant" value=""/>
    <property name="java.vendor.url" value="http://java.oracle.com/"/>
    <property name="user.timezone" value=""/>
    <property name="java.vm.specification.version" value="1.8"/>
    <property name="os.name" value="Windows 10"/>
    <property name="user.country" value="CN"/>
    <property name="sun.java.launcher" value="SUN_STANDARD"/>
    <property name="sun.boot.library.path" value="C:\Java\jre8\bin"/>
    <property name="sun.java.command" value="C:\Users\Gsealy\AppData\Local\Temp\surefire3157621433586184792\surefirebooter488105997427933944.jar C:\Users\Gsealy\AppData\Local\Temp\surefire3157621433586184792 2018-02-11T15-26-33_042-jvmRun1 surefire4651210371764212568tmp surefire_01355349932877555813tmp"/>
    <property name="surefire.test.class.path" value="D:\WorkSpaces\xmlsec\target\test-classes;D:\WorkSpaces\xmlsec\target\classes;D:\apache-maven-3.5.2\repository\org\eclipse\jetty\jetty-util\9.4.8.v20171121\jetty-util-9.4.8.v20171121.jar;D:\apache-maven-3.5.2\repository\log4j\log4j\1.2.17\log4j-1.2.17.jar;D:\apache-maven-3.5.2\repository\org\hamcrest\hamcrest-core\1.3\hamcrest-core-1.3.jar;D:\apache-maven-3.5.2\repository\javax\servlet\javax.servlet-api\3.1.0\javax.servlet-api-3.1.0.jar;D:\apache-maven-3.5.2\repository\org\codehaus\woodstox\stax2-api\3.1.4\stax2-api-3.1.4.jar;D:\apache-maven-3.5.2\repository\org\slf4j\slf4j-log4j12\1.7.25\slf4j-log4j12-1.7.25.jar;D:\apache-maven-3.5.2\repository\org\eclipse\jetty\jetty-server\9.4.8.v20171121\jetty-server-9.4.8.v20171121.jar;D:\apache-maven-3.5.2\repository\xmlunit\xmlunit\1.6\xmlunit-1.6.jar;D:\apache-maven-3.5.2\repository\org\eclipse\jetty\jetty-continuation\9.4.8.v20171121\jetty-continuation-9.4.8.v20171121.jar;D:\apache-maven-3.5.2\repository\xalan\serializer\2.7.2\serializer-2.7.2.jar;D:\apache-maven-3.5.2\repository\junit\junit\4.12\junit-4.12.jar;D:\apache-maven-3.5.2\repository\org\eclipse\jetty\jetty-io\9.4.8.v20171121\jetty-io-9.4.8.v20171121.jar;D:\apache-maven-3.5.2\repository\org\eclipse\jetty\jetty-security\9.4.8.v20171121\jetty-security-9.4.8.v20171121.jar;D:\apache-maven-3.5.2\repository\org\slf4j\slf4j-api\1.7.25\slf4j-api-1.7.25.jar;D:\apache-maven-3.5.2\repository\org\eclipse\jetty\jetty-servlet\9.4.8.v20171121\jetty-servlet-9.4.8.v20171121.jar;D:\apache-maven-3.5.2\repository\xalan\xalan\2.7.2\xalan-2.7.2.jar;D:\apache-maven-3.5.2\repository\org\bouncycastle\bcprov-jdk15on\1.59\bcprov-jdk15on-1.59.jar;D:\apache-maven-3.5.2\repository\commons-codec\commons-codec\1.11\commons-codec-1.11.jar;D:\apache-maven-3.5.2\repository\xerces\xercesImpl\2.11.0\xercesImpl-2.11.0.jar;D:\apache-maven-3.5.2\repository\xml-apis\xml-apis\1.4.01\xml-apis-1.4.01.jar;D:\apache-maven-3.5.2\repository\org\eclipse\jetty\jetty-servlets\9.4.8.v20171121\jetty-servlets-9.4.8.v20171121.jar;D:\apache-maven-3.5.2\repository\org\eclipse\jetty\jetty-http\9.4.8.v20171121\jetty-http-9.4.8.v20171121.jar;D:\apache-maven-3.5.2\repository\com\fasterxml\woodstox\woodstox-core\5.0.3\woodstox-core-5.0.3.jar;"/>
    <property name="sun.cpu.endian" value="little"/>
    <property name="user.home" value="C:\Users\Gsealy"/>
    <property name="user.language" value="zh"/>
    <property name="java.specification.vendor" value="Oracle Corporation"/>
    <property name="java.home" value="C:\Java\jre8"/>
    <property name="basedir" value="D:\WorkSpaces\xmlsec"/>
    <property name="file.separator" value="\"/>
    <property name="line.separator" value="&#10;"/>
    <property name="java.vm.specification.vendor" value="Oracle Corporation"/>
    <property name="java.specification.name" value="Java Platform API Specification"/>
    <property name="java.awt.graphicsenv" value="sun.awt.Win32GraphicsEnvironment"/>
    <property name="surefire.real.class.path" value="C:\Users\Gsealy\AppData\Local\Temp\surefire3157621433586184792\surefirebooter488105997427933944.jar"/>
    <property name="sun.boot.class.path" value="C:\Java\jre8\lib\resources.jar;C:\Java\jre8\lib\rt.jar;C:\Java\jre8\lib\sunrsasign.jar;C:\Java\jre8\lib\jsse.jar;C:\Java\jre8\lib\jce.jar;C:\Java\jre8\lib\charsets.jar;C:\Java\jre8\lib\jfr.jar;C:\Java\jre8\classes"/>
    <property name="user.script" value=""/>
    <property name="sun.management.compiler" value="HotSpot 64-Bit Tiered Compilers"/>
    <property name="java.runtime.version" value="1.8.0_161-b12"/>
    <property name="user.name" value="Gsealy"/>
    <property name="path.separator" value=";"/>
    <property name="os.version" value="10.0"/>
    <property name="java.endorsed.dirs" value="C:\Java\jre8\lib\endorsed"/>
    <property name="java.runtime.name" value="Java(TM) SE Runtime Environment"/>
    <property name="file.encoding" value="GBK"/>
    <property name="java.vm.name" value="Java HotSpot(TM) 64-Bit Server VM"/>
    <property name="localRepository" value="D:\apache-maven-3.5.2\repository"/>
    <property name="java.vendor.url.bug" value="http://bugreport.sun.com/bugreport/"/>
    <property name="java.io.tmpdir" value="C:\Users\Gsealy\AppData\Local\Temp\"/>
    <property name="java.version" value="1.8.0_161"/>
    <property name="user.dir" value="D:\WorkSpaces\xmlsec"/>
    <property name="os.arch" value="amd64"/>
    <property name="java.vm.specification.name" value="Java Virtual Machine Specification"/>
    <property name="java.awt.printerjob" value="sun.awt.windows.WPrinterJob"/>
    <property name="sun.os.patch.level" value=""/>
    <property name="java.library.path" value="C:\Java\jre8\bin;C:\WINDOWS\Sun\Java\bin;C:\WINDOWS\system32;C:\WINDOWS;C:/Java/jre8/bin/server;C:/Java/jre8/bin;C:/Java/jre8/lib/amd64;C:\ProgramData\Oracle\Java\javapath;.;C:\Java\jdk8\bin;C:\Java\jdk8\jre\bin;C:\Perl64\site\bin;C:\Perl64\bin;C:\Program Files\Broadcom\Broadcom 802.11 Network Adapter;C:\WINDOWS\system32;C:\WINDOWS;C:\WINDOWS\System32\Wbem;C:\WINDOWS\System32\WindowsPowerShell\v1.0\;C:\Program Files (x86)\NVIDIA Corporation\PhysX\Common;D:\apache-maven-3.5.2\bin;C:\Users\Gsealy\AppData\Local\Microsoft\WindowsApps;C:\Program Files (x86)\QuickTime\QTSystem\;C:\WINDOWS\system32;C:\WINDOWS;C:\WINDOWS\System32\Wbem;C:\WINDOWS\System32\WindowsPowerShell\v1.0\;C:\Users\Gsealy\AppData\Local\bin\NASM;C:\OpenSSL-Win64\bin;C:\Program Files (x86)\GmSSL\bin;C:\Program Files\IDM Computer Solutions\UltraEdit;;C:\eclipse;;."/>
    <property name="java.vm.info" value="mixed mode"/>
    <property name="java.vendor" value="Oracle Corporation"/>
    <property name="java.vm.version" value="25.161-b12"/>
    <property name="java.ext.dirs" value="C:\Java\jre8\lib\ext;C:\WINDOWS\Sun\Java\lib\ext"/>
    <property name="sun.io.unicode.encoding" value="UnicodeLittle"/>
    <property name="java.class.version" value="52.0"/>
  </properties>
  <testcase name="test_enveloped" classname="org.apache.xml.security.test.dom.interop.RSASecurityTest" time="0"/>
  <testcase name="test_enveloping" classname="org.apache.xml.security.test.dom.interop.RSASecurityTest" time="0"/>
</testsuite>